<?xml version="1.0" encoding="UTF-8"?>
<testng-results skipped="0" failed="0" total="2" passed="2">
  <reporter-output>
  </reporter-output>
  <suite name="Default suite" duration-ms="42" started-at="2018-09-27T01:29:15Z" finished-at="2018-09-27T01:29:15Z">
    <groups>
    </groups>
    <test name="Default test" duration-ms="42" started-at="2018-09-27T01:29:15Z" finished-at="2018-09-27T01:29:15Z">
      <class name="com.test.testingJava.Day1">
        <test-method status="PASS" signature="backAround()[pri:0, instance:com.test.testingJava.Day1@9f9fb0]" name="backAround" duration-ms="17" started-at="2018-09-26T20:29:15Z" finished-at="2018-09-26T20:29:15Z">
          <reporter-output>
          </reporter-output>
        </test-method> <!-- backAround -->
        <test-method status="PASS" signature="hellname()[pri:0, instance:com.test.testingJava.Day1@9f9fb0]" name="hellname" duration-ms="3" started-at="2018-09-26T20:29:15Z" finished-at="2018-09-26T20:29:15Z">
          <reporter-output>
          </reporter-output>
        </test-method> <!-- hellname -->
      </class> <!-- com.test.testingJava.Day1 -->
    </test> <!-- Default test -->
  </suite> <!-- Default suite -->
</testng-results>
